Build started 5/14/2014 5:49:35 PM.
     1>Project "C:\Users\Darth\Documents\Visual Studio 2013\Projects\Crypt1.0.4\Crypt1.0.4\Crypt1.0.4.vcxproj" on node 2 (Build target(s)).
     1>ClCompile:
         C:\Program Files (x86)\Microsoft Visual Studio 12.0\VC\bin\CL.exe /c /ZI /nologo /W3 /WX- /sdl /Od /Oy- /D WIN32 /D _DEBUG /D _CONSOLE /D _LIB /D _UNICODE /D UNICODE /Gm /EHsc /RTC1 /MDd /GS /fp:precise /Zc:wchar_t /Zc:forScope /Fo"Debug\\" /Fd"Debug\vc120.pdb" /Gd /TP /analyze- /errorReport:prompt "CRYPTOGRAPHY(WORKING)Version1.0.4.cpp"
         CRYPTOGRAPHY(WORKING)Version1.0.4.cpp
     1>c:\users\darth\documents\visual studio 2013\projects\crypt1.0.4\crypt1.0.4\cryptography(working)version1.0.4.cpp(251): warning C4244: '=' : conversion from 'int' to 'float', possible loss of data
     1>c:\users\darth\documents\visual studio 2013\projects\crypt1.0.4\crypt1.0.4\cryptography(working)version1.0.4.cpp(252): warning C4244: '=' : conversion from 'int' to 'float', possible loss of data
     1>c:\users\darth\documents\visual studio 2013\projects\crypt1.0.4\crypt1.0.4\cryptography(working)version1.0.4.cpp(253): warning C4244: '=' : conversion from 'int' to 'float', possible loss of data
     1>c:\users\darth\documents\visual studio 2013\projects\crypt1.0.4\crypt1.0.4\cryptography(working)version1.0.4.cpp(255): warning C4244: '=' : conversion from 'int' to 'float', possible loss of data
     1>c:\users\darth\documents\visual studio 2013\projects\crypt1.0.4\crypt1.0.4\cryptography(working)version1.0.4.cpp(256): warning C4244: '=' : conversion from 'int' to 'float', possible loss of data
     1>c:\users\darth\documents\visual studio 2013\projects\crypt1.0.4\crypt1.0.4\cryptography(working)version1.0.4.cpp(257): warning C4244: '=' : conversion from 'int' to 'float', possible loss of data
     1>c:\users\darth\documents\visual studio 2013\projects\crypt1.0.4\crypt1.0.4\cryptography(working)version1.0.4.cpp(259): warning C4244: '=' : conversion from 'int' to 'float', possible loss of data
     1>c:\users\darth\documents\visual studio 2013\projects\crypt1.0.4\crypt1.0.4\cryptography(working)version1.0.4.cpp(260): warning C4244: '=' : conversion from 'int' to 'float', possible loss of data
     1>c:\users\darth\documents\visual studio 2013\projects\crypt1.0.4\crypt1.0.4\cryptography(working)version1.0.4.cpp(261): warning C4244: '=' : conversion from 'int' to 'float', possible loss of data
     1>c:\users\darth\documents\visual studio 2013\projects\crypt1.0.4\crypt1.0.4\cryptography(working)version1.0.4.cpp(302): warning C4215: nonstandard extension used : long float
     1>c:\users\darth\documents\visual studio 2013\projects\crypt1.0.4\crypt1.0.4\cryptography(working)version1.0.4.cpp(383): warning C4018: '<' : signed/unsigned mismatch
     1>c:\users\darth\documents\visual studio 2013\projects\crypt1.0.4\crypt1.0.4\cryptography(working)version1.0.4.cpp(403): warning C4244: 'initializing' : conversion from 'time_t' to 'int', possible loss of data
     1>c:\users\darth\documents\visual studio 2013\projects\crypt1.0.4\crypt1.0.4\cryptography(working)version1.0.4.cpp(1907): warning C4018: '<' : signed/unsigned mismatch
     1>c:\users\darth\documents\visual studio 2013\projects\crypt1.0.4\crypt1.0.4\cryptography(working)version1.0.4.cpp(395): warning C4101: 'input' : unreferenced local variable
       Link:
         C:\Program Files (x86)\Microsoft Visual Studio 12.0\VC\bin\link.exe /ERRORREPORT:PROMPT /OUT:"C:\Users\Darth\Documents\Visual Studio 2013\Projects\Crypt1.0.4\Debug\Crypt1.0.4.exe" /INCREMENTAL /NOLOGO winmm.lib kernel32.lib user32.lib gdi32.lib winspool.lib comdlg32.lib advapi32.lib shell32.lib ole32.lib oleaut32.lib uuid.lib odbc32.lib odbccp32.lib /MANIFEST /MANIFESTUAC:"level='asInvoker' uiAccess='false'" /manifest:embed /DEBUG /PDB:"C:\Users\Darth\Documents\Visual Studio 2013\Projects\Crypt1.0.4\Debug\Crypt1.0.4.pdb" /SUBSYSTEM:CONSOLE /TLBID:1 /DYNAMICBASE /NXCOMPAT /IMPLIB:"C:\Users\Darth\Documents\Visual Studio 2013\Projects\Crypt1.0.4\Debug\Crypt1.0.4.lib" /MACHINE:X86 "Debug\CRYPTOGRAPHY(WORKING)Version1.0.4.obj"
         Crypt1.0.4.vcxproj -> C:\Users\Darth\Documents\Visual Studio 2013\Projects\Crypt1.0.4\Debug\Crypt1.0.4.exe
     1>Done Building Project "C:\Users\Darth\Documents\Visual Studio 2013\Projects\Crypt1.0.4\Crypt1.0.4\Crypt1.0.4.vcxproj" (Build target(s)).

Build succeeded.

Time Elapsed 00:00:11.23
